<?xml version="1.0" encoding="UTF-8"?>
<!-- Generated by org.testng.reporters.JUnitReportReporter -->
<testsuite skipped="0" hostname="USER-PC" name="com.synchrony.qa.testcases.LoginPageTest" tests="1" failures="0" timestamp="25 Feb 2018 18:00:31 GMT" time="77.431" errors="0">
  <testcase name="loginPageTitleTest" time="77.431" classname="com.synchrony.qa.testcases.LoginPageTest"/>
</testsuite> <!-- com.synchrony.qa.testcases.LoginPageTest -->
